<?xml version="1.0" encoding="UTF-8"?>
<testng-results ignored="0" total="1" passed="1" failed="0" skipped="0">
  <reporter-output>
  </reporter-output>
  <suite started-at="2025-07-28T12:52:57 IST" name="Default suite" finished-at="2025-07-28T12:53:42 IST" duration-ms="44348">
    <groups>
    </groups>
    <test started-at="2025-07-28T12:52:57 IST" name="Default test" finished-at="2025-07-28T12:53:42 IST" duration-ms="44348">
      <class name="com.readExcel.CaseStudy">
        <test-method is-config="true" signature="setup()[pri:0, instance:com.readExcel.CaseStudy@2362f559]" started-at="2025-07-28T12:52:57 IST" name="setup" finished-at="2025-07-28T12:53:01 IST" duration-ms="4017" status="PASS">
          <reporter-output>
          </reporter-output>
        </test-method> <!-- setup -->
        <test-method signature="locatorsTestingBlog()[pri:0, instance:com.readExcel.CaseStudy@2362f559]" started-at="2025-07-28T12:53:01 IST" name="locatorsTestingBlog" finished-at="2025-07-28T12:53:41 IST" duration-ms="39907" status="PASS">
          <reporter-output>
          </reporter-output>
        </test-method> <!-- locatorsTestingBlog -->
        <test-method is-config="true" signature="tearDown()[pri:0, instance:com.readExcel.CaseStudy@2362f559]" started-at="2025-07-28T12:53:41 IST" name="tearDown" finished-at="2025-07-28T12:53:42 IST" duration-ms="378" status="PASS">
          <reporter-output>
          </reporter-output>
        </test-method> <!-- tearDown -->
      </class> <!-- com.readExcel.CaseStudy -->
    </test> <!-- Default test -->
  </suite> <!-- Default suite -->
</testng-results>
