<?xml version="1.0" encoding="UTF-8"?>
<testng-results ignored="0" total="1" passed="1" failed="0" skipped="0">
  <reporter-output>
  </reporter-output>
  <suite started-at="2025-07-25T12:19:36 IST" name="Default suite" finished-at="2025-07-25T12:19:46 IST" duration-ms="10234">
    <groups>
    </groups>
    <test started-at="2025-07-25T12:19:36 IST" name="Default test" finished-at="2025-07-25T12:19:46 IST" duration-ms="10234">
      <class name="com.locators.DemoId">
        <test-method signature="DemoTestId()[pri:0, instance:com.locators.DemoId@6b2ea799]" started-at="2025-07-25T12:19:36 IST" name="DemoTestId" finished-at="2025-07-25T12:19:46 IST" duration-ms="10200" status="PASS">
          <reporter-output>
          </reporter-output>
        </test-method> <!-- DemoTestId -->
      </class> <!-- com.locators.DemoId -->
    </test> <!-- Default test -->
  </suite> <!-- Default suite -->
</testng-results>
