<?xml version="1.0" encoding="UTF-8"?>
<testng-results ignored="0" total="1" passed="1" failed="0" skipped="0">
  <reporter-output>
  </reporter-output>
  <suite started-at="2025-07-28T14:49:19 IST" name="Default suite" finished-at="2025-07-28T14:50:09 IST" duration-ms="49560">
    <groups>
    </groups>
    <test started-at="2025-07-28T14:49:19 IST" name="Default test" finished-at="2025-07-28T14:50:09 IST" duration-ms="49560">
      <class name="com.Scroll.ScrollBy">
        <test-method signature="Test()[pri:0, instance:com.Scroll.ScrollBy@6771beb3]" started-at="2025-07-28T14:49:19 IST" name="Test" finished-at="2025-07-28T14:50:09 IST" duration-ms="49521" status="PASS">
          <reporter-output>
          </reporter-output>
        </test-method> <!-- Test -->
      </class> <!-- com.Scroll.ScrollBy -->
    </test> <!-- Default test -->
  </suite> <!-- Default suite -->
</testng-results>
