<?xml version="1.0" encoding="UTF-8"?>
<testng-results ignored="0" total="1" passed="1" failed="0" skipped="0">
  <reporter-output>
  </reporter-output>
  <suite started-at="2025-07-28T14:35:36 IST" name="Default suite" finished-at="2025-07-28T14:35:47 IST" duration-ms="11020">
    <groups>
    </groups>
    <test started-at="2025-07-28T14:35:36 IST" name="Default test" finished-at="2025-07-28T14:35:47 IST" duration-ms="11020">
      <class name="Library.Reusabled">
        <test-method signature="Browser()[pri:0, instance:Library.Reusabled@2b71e916]" started-at="2025-07-28T14:35:36 IST" name="Browser" finished-at="2025-07-28T14:35:47 IST" duration-ms="10976" status="PASS">
          <reporter-output>
          </reporter-output>
        </test-method> <!-- Browser -->
      </class> <!-- Library.Reusabled -->
    </test> <!-- Default test -->
  </suite> <!-- Default suite -->
</testng-results>
